<?xml version="1.0" encoding="UTF-8"?>
<testsuite name="cloud.jnorthr.tools.configuration.ConfigutationTestSpec" tests="3" skipped="0" failures="0" errors="0" timestamp="2016-09-25T20:08:54" hostname="MacBookPro.local" time="0.689">
  <properties/>
  <testcase name="Setup Configurator for default path" classname="cloud.jnorthr.tools.configuration.ConfigutationTestSpec" time="0.596"/>
  <testcase name="2nd Test: Set Configurator initial folder to unknown path" classname="cloud.jnorthr.tools.configuration.ConfigutationTestSpec" time="0.036"/>
  <testcase name="3rd Test: Ask appName for 'prod' environment" classname="cloud.jnorthr.tools.configuration.ConfigutationTestSpec" time="0.056"/>
  <system-out><![CDATA[hello from Configurator.groovy
createConfig for prod
runner environment=prod
createConfig for prod
prod Configurator.mail.host=mail.server
prod configHandle.appName=production
hello from Configurator.groovy
createConfig for prod
hello from Configurator.groovy  path /Fred
hello from Configurator.groovy
createConfig for prod
runner environment=prod
createConfig for prod
prod Configurator.mail.host=mail.server
prod configHandle.appName=production
]]></system-out>
  <system-err><![CDATA[]]></system-err>
</testsuite>
